INFO: Pandarallel will run on 76 workers.
INFO: Pandarallel will use Memory file system to transfer data between the main process and workers.
INFO: Pandarallel will run on 76 workers.
INFO: Pandarallel will use Memory file system to transfer data between the main process and workers.
toxcast
BSK_CASM3C_Proliferation_down
343
BSK_CASM3C_HLADR_down
343
ATG_SREBP_CIS_up
692
TOX21_AutoFluor_HEPG2_Media_blue
2395
TOX21_ERa_BLA_Agonist_ch1
2395
BSK_BE3C_IP10_down
343
TOX21_ERa_BLA_Antagonist_viability
2395
TOX21_AR_LUC_MDAKB2_Antagonist2
2034
BSK_hDFCGF_PAI1_down
343
BSK_CASM3C_IL6_down
343
ATG_STAT3_CIS_dn
692
TOX21_ERa_BLA_Antagonist_ch2
2395
ATG_BRE_CIS_dn
692
APR_HepG2_MitoMass_72h_up
275
CEETOX_H295R_ESTRADIOL_up
130
BSK_LPS_MCSF_down
343
APR_HepG2_MitoMembPot_72h_dn
275
TOX21_GR_BLA_Antagonist_ratio
2395
BSK_KF3CT_IL1a_down
343
ATG_Sp1_CIS_up
692
OT_ERa_EREGFP_0120
422
BSK_CASM3C_SRB_down
343
OT_ERa_EREGFP_0480
418
TOX21_VDR_BLA_antagonist_viability
2034
BSK_SAg_PBMCCytotoxicity_down
343
APR_HepG2_CellCycleArrest_24h_dn
278
TOX21_ERa_BLA_Antagonist_ratio
2395
ATG_NRF1_CIS_dn
692
BSK_KF3CT_ICAM1_down
343
BSK_hDFCGF_SRB_down
343
ATG_GR_TRANS_up
692
ACEA_T47D_80hr_Negative
419
TOX21_MMP_viability
980
BSK_4H_VCAM1_down
343
TOX21_GR_BLA_Agonist_ch1
2395
TOX21_ERa_LUC_BG1_Antagonist
2395
APR_HepG2_StressKinase_72h_up
278
TOX21_AutoFluor_HEPG2_Cell_blue
2395
ATG_RARb_TRANS_dn
692
APR_HepG2_p53Act_24h_up
278
BSK_LPS_IL8_down
343
TOX21_p53_BLA_p5_viability
2395
BSK_CASM3C_LDLR_down
343
TOX21_AR_BLA_Agonist_ratio
2395
Tanguay_ZF_120hpf_MORT_up
281
ATG_PXRE_CIS_dn
692
OT_ER_ERaERb_1440
386
BSK_BE3C_tPA_down
343
BSK_CASM3C_SAA_down
343
APR_HepG2_MitoticArrest_24h_up
278
BSK_3C_VCAM1_down
343
TOX21_GR_BLA_Agonist_ratio
2395
BSK_3C_HLADR_down
343
BSK_hDFCGF_VCAM1_down
343
ATG_TGFb_CIS_dn
692
ATG_DR5_CIS_dn
692
APR_HepG2_MicrotubuleCSK_72h_up
275
APR_HepG2_MitoMembPot_24h_dn
278
BSK_hDFCGF_EGFR_up
343
ATG_PPARd_TRANS_up
692
ATG_RARa_TRANS_dn
692
APR_HepG2_CellCycleArrest_24h_up
278
BSK_BE3C_MMP1_up
343
BSK_3C_Thrombomodulin_up
343
ATG_AP_2_CIS_dn
692
BSK_SAg_Eselectin_down
343
BSK_LPS_Eselectin_down
343
TOX21_TR_LUC_GH3_Antagonist
2395
TOX21_VDR_BLA_antagonist_ratio
2034
BSK_4H_Eotaxin3_down
343
TOX21_ARE_BLA_Agonist_ch2
2034
TOX21_p53_BLA_p4_ch2
2395
BSK_SAg_CD69_down
343
TOX21_NFkB_BLA_agonist_ratio
2034
ATG_GLI_CIS_up
692
ATG_Ahr_CIS_dn
692
ATG_GAL4_TRANS_dn
646
BSK_KF3CT_uPA_down
343
OT_ER_ERbERb_1440
386
TOX21_p53_BLA_p3_ch1
2395
ATG_GRE_CIS_dn
692
TOX21_GR_BLA_Antagonist_ch2
2395
ATG_RXRb_TRANS_dn
692
ATG_p53_CIS_up
692
TOX21_ELG1_LUC_Agonist
980
BSK_SAg_MIG_down
343
ATG_E_Box_CIS_dn
692
TOX21_FXR_BLA_agonist_ch2
2034
BSK_BE3C_IL1a_down
343
BSK_LPS_PGE2_down
343
ATG_FoxO_CIS_dn
692
BSK_LPS_PGE2_up
343
OT_ER_ERaERb_0480
415
BSK_3C_Proliferation_down
343
BSK_3C_MCP1_down
343
TOX21_VDR_BLA_Agonist_viability
2034
BSK_CASM3C_VCAM1_down
343
BSK_BE3C_HLADR_down
343
BSK_CASM3C_LDLR_up
343
TOX21_ERa_BLA_Agonist_ch2
2395
OT_ER_ERaERa_0480
414
CEETOX_H295R_11DCORT_dn
131
OT_AR_ARSRC1_0960
410
OT_FXR_FXRSRC1_1440
395
BSK_LPS_IL1a_down
343
ATG_NF_kB_CIS_dn
692
BSK_CASM3C_MIG_down
343
BSK_CASM3C_uPAR_down
343
BSK_CASM3C_MCSF_down
343
TOX21_ARE_BLA_Agonist_ch1
2034
TOX21_p53_BLA_p2_ratio
2395
TOX21_MMP_ratio_up
980
ATG_TAL_CIS_up
692
ATG_Myb_CIS_dn
692
BSK_3C_IL8_down
343
NVS_NR_hGR
102
BSK_SAg_CD40_down
343
APR_HepG2_MitoticArrest_72h_up
275
TOX21_ARE_BLA_agonist_ratio
2034
BSK_4H_SRB_down
343
BSK_LPS_TissueFactor_down
343
ATG_ISRE_CIS_dn
692
BSK_3C_Vis_down
343
NHEERL_ZF_144hpf_TERATOSCORE_up
176
TOX21_p53_BLA_p3_viability
2395
ATG_Oct_MLP_CIS_up
692
CEETOX_H295R_TESTO_dn
130
BSK_BE3C_TGFb1_down
343
BSK_3C_uPAR_down
343
BSK_3C_MIG_down
343
TOX21_MMP_ratio_down
980
BSK_BE3C_uPA_down
343
TOX21_ESRE_BLA_viability
2034
BSK_CASM3C_Thrombomodulin_up
343
BSK_LPS_TNFa_up
343
TOX21_PPARd_BLA_antagonist_ratio
2034
BSK_SAg_CD38_down
343
NVS_NR_hER
308
Tanguay_ZF_120hpf_AXIS_up
279
BSK_SAg_IL8_down
343
TOX21_GR_BLA_Antagonist_viability
2395
TOX21_p53_BLA_p4_viability
2395
NCCT_QuantiLum_inhib_dn
100
BSK_3C_TissueFactor_down
343
TOX21_HSE_BLA_agonist_ch1
2034
TOX21_p53_BLA_p2_viability
2395
ATG_RXRa_TRANS_up
692
TOX21_FXR_BLA_Antagonist_ch1
2034
TOX21_PPARd_BLA_Antagonist_ch1
2034
ATG_XTT_Cytotoxicity_up
591
ATG_E2F_CIS_dn
692
Tanguay_ZF_120hpf_PE_up
279
ATG_EGR_CIS_up
692
BSK_hDFCGF_MMP1_down
343
BSK_CASM3C_IL8_down
343
Tanguay_ZF_120hpf_YSE_up
279
BSK_hDFCGF_TIMP1_down
343
BSK_KF3CT_TIMP2_down
343
CEETOX_H295R_DOC_up
127
NCCT_HEK293T_CellTiterGLO
115
APR_HepG2_MitoMass_24h_dn
278
TOX21_p53_BLA_p3_ratio
2395
BSK_BE3C_MIG_down
343
BSK_BE3C_PAI1_down
343
BSK_hDFCGF_MCSF_down
343
ATG_BRE_CIS_up
692
ATG_IR1_CIS_dn
692
CEETOX_H295R_CORTISOL_dn
131
TOX21_ERa_BLA_Agonist_ratio
2395
BSK_4H_uPAR_down
343
OT_AR_ARELUC_AG_1440
423
ATG_PPARa_TRANS_up
692
ATG_Myc_CIS_up
692
BSK_hDFCGF_IP10_down
343
CEETOX_H295R_DOC_dn
127
TOX21_AutoFluor_HEK293_Cell_blue
2395
APR_HepG2_StressKinase_24h_up
278
TOX21_ESRE_BLA_ch1
2034
BSK_SAg_Proliferation_down
343
OT_NURR1_NURR1RXRa_1440
411
TOX21_p53_BLA_p1_viability
2395
APR_HepG2_CellCycleArrest_72h_dn
278
BSK_SAg_SRB_down
343
TOX21_GR_BLA_Agonist_ch2
2395
OT_ER_ERaERa_1440
388
ATG_MRE_CIS_up
692
OT_NURR1_NURR1RXRa_0480
418
APR_HepG2_p53Act_72h_up
278
ATG_RORE_CIS_up
692
ATG_ERE_CIS_dn
692
TOX21_FXR_BLA_antagonist_viability
2034
TOX21_AR_BLA_Antagonist_ratio
2395
BSK_KF3CT_SRB_down
343
ATG_ERa_TRANS_up
692
ATG_FXR_TRANS_up
692
TOX21_p53_BLA_p2_ch1
2395
TOX21_p53_BLA_p1_ratio
2395
Tanguay_ZF_120hpf_JAW_up
279
BSK_KF3CT_MCP1_down
343
ATG_DR5_CIS_up
692
ATG_C_EBP_CIS_up
692
Tanguay_ZF_120hpf_EYE_up
279
ACEA_T47D_80hr_Positive
419
APR_HepG2_CellLoss_24h_dn
278
ATG_NF_kB_CIS_up
692
BSK_hDFCGF_EGFR_down
343
TOX21_AR_BLA_Antagonist_ch2
2395
BSK_LPS_CD40_down
343
ATG_AP_1_CIS_up
692
TOX21_HSE_BLA_agonist_ch2
2034
TOX21_ESRE_BLA_ratio
2034
TOX21_p53_BLA_p1_ch2
2395
BSK_3C_ICAM1_down
343
ATG_HSE_CIS_up
692
ATG_PPRE_CIS_up
692
TOX21_AR_BLA_Antagonist_viability
2395
BSK_CASM3C_TissueFactor_down
343
APR_HepG2_MitoMass_72h_dn
275
TOX21_p53_BLA_p2_ch2
2395
TOX21_NFkB_BLA_agonist_ch2
2034
TOX21_PPARg_BLA_antagonist_ratio
2034
TOX21_VDR_BLA_agonist_ch2
2034
CEETOX_H295R_OHPROG_dn
130
TOX21_VDR_BLA_agonist_ratio
2034
TOX21_FXR_BLA_antagonist_ratio
2034
ATG_IR1_CIS_up
692
ATG_LXRa_TRANS_up
692
ATG_THRa1_TRANS_up
692
ATG_NURR1_TRANS_up
692
TOX21_FXR_BLA_Antagonist_ch2
2034
TOX21_p53_BLA_p4_ratio
2395
BSK_4H_MCP1_down
343
BSK_LPS_TNFa_down
343
BSK_4H_VEGFRII_down
343
BSK_hDFCGF_IL8_down
343
TOX21_AR_BLA_Agonist_ch2
2395
ATG_PBREM_CIS_up
692
TOX21_AutoFluor_HEK293_Media_blue
2395
BSK_LPS_MCP1_down
343
BSK_BE3C_uPAR_down
343
TOX21_NFkB_BLA_agonist_viability
2034
BSK_hDFCGF_MIG_down
343
APR_HepG2_CellLoss_72h_dn
278
NVS_NR_hPPARg
214
ATG_Xbp1_CIS_up
692
ATG_CRE_CIS_up
692
ATG_VDRE_CIS_up
692
BSK_SAg_MCP1_down
343
ATG_TGFb_CIS_up
692
TOX21_ERa_BLA_Antagonist_ch1
2395
ATG_Ets_CIS_dn
692
ATG_DR4_LXR_CIS_dn
692
BSK_KF3CT_MMP9_down
343
ATG_CAR_TRANS_dn
692
TOX21_PPARd_BLA_agonist_ch2
2034
CEETOX_H295R_ESTRONE_up
131
OT_ER_ERbERb_0480
413
TOX21_AhR_LUC_Agonist
2395
TOX21_p53_BLA_p5_ch2
2395
APR_HepG2_OxidativeStress_72h_up
278
ATG_TA_CIS_up
692
ATG_ERE_CIS_up
692
ATG_CMV_CIS_up
692
ATG_RXRb_TRANS_up
692
TOX21_NFkB_BLA_agonist_ch1
2034
BSK_KF3CT_TGFb1_down
343
TOX21_AR_LUC_MDAKB2_Antagonist
2395
ATG_Sox_CIS_up
692
BSK_LPS_VCAM1_down
343
ATG_p53_CIS_dn
692
APR_HepG2_MicrotubuleCSK_72h_dn
275
NCCT_QuantiLum_inhib_2_dn
115
APR_HepG2_MicrotubuleCSK_24h_up
278
BSK_3C_SRB_down
343
TOX21_HSE_BLA_agonist_ratio
2034
TOX21_p53_BLA_p3_ch2
2395
ATG_HIF1a_CIS_up
692
TOX21_PPARg_BLA_Agonist_ratio
2395
ATG_NFI_CIS_up
692
Tanguay_ZF_120hpf_TR_up
279
TOX21_PPARg_BLA_Agonist_ch2
2395
TOX21_PPARg_BLA_antagonist_viability
2034
ATG_PXR_TRANS_up
692
NVS_NR_mERa
262
ATG_Pax6_CIS_up
692
CEETOX_H295R_PROG_up
116
NVS_NR_hPPARa
111
TOX21_p53_BLA_p5_ch1
2395
ATG_PXRE_CIS_up
692
ATG_PPARg_TRANS_up
692
TOX21_HSE_BLA_agonist_viability
2034
TOX21_PPARd_BLA_Agonist_viability
2034
TOX21_ESRE_BLA_ch2
2034
BSK_hDFCGF_CollagenIII_down
343
TOX21_Aromatase_Inhibition
2395
BSK_BE3C_MMP1_down
343
BSK_4H_Pselectin_down
343
ATG_E_Box_CIS_up
692
Tanguay_ZF_120hpf_ActivityScore
281
TOX21_PPARd_BLA_agonist_ratio
2034
CEETOX_H295R_OHPROG_up
130
ATG_HNF6_CIS_dn
692
ATG_CMV_CIS_dn
692
TOX21_AR_LUC_MDAKB2_Agonist
2395
APR_HepG2_OxidativeStress_24h_up
278
BSK_hDFCGF_Proliferation_down
343
TOX21_VDR_BLA_Antagonist_ch1
2034
CEETOX_H295R_OHPREG_up
120
TOX21_p53_BLA_p1_ch1
2395
TOX21_p53_BLA_p4_ch1
2395
TOX21_ERa_LUC_BG1_Agonist
2395
BSK_BE3C_SRB_down
343
TOX21_p53_BLA_p5_ratio
2395
TOX21_FXR_BLA_agonist_ratio
2034
ATG_TCF_b_cat_CIS_dn
692
BSK_KF3CT_IP10_down
343
Tanguay_ZF_120hpf_SNOU_up
279
NVS_NR_hPXR
128
CEETOX_H295R_ANDR_dn
131
BSK_3C_Eselectin_down
343
BSK_LPS_SRB_down
343
OT_AR_ARSRC1_0480
415
ATG_HIF1a_CIS_dn
692
ATG_Ahr_CIS_up
692
ATG_GATA_CIS_dn
692
ATG_NRF2_ARE_CIS_up
692
NVS_NR_bER
290
OT_FXR_FXRSRC1_0480
411
Tanguay_ZF_120hpf_BRAI_up
279
BSK_CASM3C_MCP1_down
343
BBBP
p_np
650
sider
Skin and subcutaneous tissue disorders
1032
Musculoskeletal and connective tissue disorders
1032
Investigations
1032
Injury, poisoning and procedural complications
1032
Metabolism and nutrition disorders
1032
General disorders and administration site conditions
1032
Surgical and medical procedures
1032
Vascular disorders
1032
Nervous system disorders
1032
Social circumstances
1032
Congenital, familial and genetic disorders
1032
Immune system disorders
1032
Infections and infestations
1032
Ear and labyrinth disorders
1032
Psychiatric disorders
1032
Eye disorders
1032
Renal and urinary disorders
1032
Gastrointestinal disorders
1032
Blood and lymphatic system disorders
1032
Pregnancy, puerperium and perinatal conditions
1032
Hepatobiliary disorders
1032
Reproductive system and breast disorders
1032
Respiratory, thoracic and mediastinal disorders
1032
Cardiac disorders
1032
Endocrine disorders
1032
Neoplasms benign, malignant and unspecified (incl cysts and polyps)
1032
tox21
NR-AR
2181
SR-HSE
1888
SR-ATAD5
2106
SR-ARE
1662
SR-MMP
1738
NR-ER
1864
NR-AhR
1961
NR-AR-LBD
1986
NR-Aromatase
1752
NR-ER-LBD
2080
SR-p53
2029
NR-PPAR-gamma
1893
HIV
HIV_active
869
DILIst
DILIst Classification 
872
clintox
CT_TOX
1040
