INFO: Pandarallel will run on 76 workers.
INFO: Pandarallel will use Memory file system to transfer data between the main process and workers.
toxcast
BSK_CASM3C_Proliferation_down
ATG_TCF_b_cat_CIS_dn
ATG_RXRb_TRANS_dn
OT_NURR1_NURR1RXRa_1440
APR_HepG2_OxidativeStress_72h_up
APR_HepG2_MicrotubuleCSK_72h_dn
ATG_BRE_CIS_dn
ATG_ERE_CIS_up
ATG_AP_2_CIS_dn
CEETOX_H295R_OHPROG_dn
ATG_IR1_CIS_dn
TOX21_ERa_LUC_BG1_Agonist
BSK_3C_MCP1_down
ATG_RXRa_TRANS_up
APR_HepG2_CellCycleArrest_24h_up
TOX21_PPARd_BLA_antagonist_ratio
TOX21_GR_BLA_Agonist_ratio
TOX21_p53_BLA_p3_ch2
BSK_LPS_PGE2_up
BSK_3C_ICAM1_down
Tanguay_ZF_120hpf_PE_up
OT_ER_ERbERb_0480
BSK_4H_SRB_down
OT_FXR_FXRSRC1_1440
ATG_RORE_CIS_up
BSK_hDFCGF_Proliferation_down
OT_ER_ERaERa_1440
APR_HepG2_CellLoss_72h_dn
TOX21_GR_BLA_Agonist_ch2
APR_HepG2_StressKinase_72h_up
TOX21_VDR_BLA_antagonist_viability
BSK_KF3CT_IP10_down
TOX21_VDR_BLA_agonist_ratio
BSK_LPS_IL8_down
BSK_hDFCGF_VCAM1_down
ATG_MRE_CIS_up
BSK_hDFCGF_SRB_down
TOX21_FXR_BLA_antagonist_viability
ATG_Ets_CIS_dn
APR_HepG2_CellLoss_24h_dn
BSK_KF3CT_MCP1_down
TOX21_PPARd_BLA_Antagonist_ch1
TOX21_ERa_LUC_BG1_Antagonist
BSK_LPS_TNFa_up
NVS_NR_bER
ATG_ERE_CIS_dn
BSK_LPS_VCAM1_down
BSK_hDFCGF_TIMP1_down
Tanguay_ZF_120hpf_EYE_up
ATG_Ahr_CIS_up
APR_HepG2_p53Act_72h_up
Tanguay_ZF_120hpf_AXIS_up
ATG_RXRb_TRANS_up
ATG_DR4_LXR_CIS_dn
BSK_CASM3C_Thrombomodulin_up
BSK_KF3CT_ICAM1_down
TOX21_ERa_BLA_Agonist_ch1
BSK_hDFCGF_MIG_down
TOX21_p53_BLA_p5_viability
BSK_CASM3C_SRB_down
BSK_CASM3C_IL6_down
BSK_CASM3C_MCP1_down
BSK_CASM3C_uPAR_down
ATG_THRa1_TRANS_up
BSK_hDFCGF_CollagenIII_down
ATG_p53_CIS_dn
ATG_GR_TRANS_up
TOX21_AR_BLA_Antagonist_ratio
BSK_LPS_SRB_down
NVS_NR_hPPARa
BSK_3C_MIG_down
ATG_Sox_CIS_up
