INFO: Pandarallel will run on 76 workers.
INFO: Pandarallel will use Memory file system to transfer data between the main process and workers.
toxcast
ATG_p53_CIS_up
ATG_TGFb_CIS_dn
ATG_Xbp1_CIS_up
BSK_SAg_CD69_down
TOX21_AR_LUC_MDAKB2_Agonist
BSK_CASM3C_MIG_down
ATG_TAL_CIS_up
APR_HepG2_OxidativeStress_72h_up
BSK_3C_VCAM1_down
Tanguay_ZF_120hpf_AXIS_up
BSK_hDFCGF_IL8_down
TOX21_ERa_BLA_Antagonist_ch1
TOX21_GR_BLA_Antagonist_ratio
BSK_SAg_PBMCCytotoxicity_down
Tanguay_ZF_120hpf_TR_up
TOX21_NFkB_BLA_agonist_ch2
ATG_Myc_CIS_up
ATG_Myb_CIS_dn
TOX21_ESRE_BLA_viability
ATG_RXRb_TRANS_up
ATG_E_Box_CIS_dn
TOX21_p53_BLA_p3_ch1
ATG_NF_kB_CIS_up
NVS_NR_hPPARg
BSK_SAg_IL8_down
Tanguay_ZF_120hpf_PE_up
ATG_CRE_CIS_up
TOX21_AR_BLA_Antagonist_viability
ATG_E2F_CIS_dn
BSK_hDFCGF_EGFR_down
APR_HepG2_p53Act_24h_up
ATG_PPARa_TRANS_up
BSK_hDFCGF_CollagenIII_down
TOX21_FXR_BLA_Antagonist_ch1
TOX21_FXR_BLA_antagonist_ratio
ATG_ERE_CIS_dn
ATG_AP_1_CIS_up
APR_HepG2_MitoMembPot_72h_dn
BSK_LPS_IL1a_down
Tanguay_ZF_120hpf_SNOU_up
BSK_4H_Eotaxin3_down
TOX21_p53_BLA_p3_ch2
ATG_Sp1_CIS_up
Tanguay_ZF_120hpf_ActivityScore
ATG_SREBP_CIS_up
APR_HepG2_MicrotubuleCSK_72h_up
APR_HepG2_p53Act_72h_up
APR_HepG2_MitoticArrest_72h_up
TOX21_VDR_BLA_agonist_ch2
NVS_NR_bER
BSK_SAg_Proliferation_down
ATG_XTT_Cytotoxicity_up
BSK_hDFCGF_EGFR_up
TOX21_MMP_ratio_down
BSK_LPS_IL8_down
OT_FXR_FXRSRC1_0480
APR_HepG2_CellLoss_72h_dn
TOX21_ERa_BLA_Agonist_ch1
ATG_TCF_b_cat_CIS_dn
BSK_SAg_SRB_down
OT_ER_ERaERa_1440
BSK_hDFCGF_Proliferation_down
TOX21_PPARg_BLA_antagonist_viability
OT_FXR_FXRSRC1_1440
TOX21_AR_BLA_Antagonist_ratio
TOX21_p53_BLA_p4_viability
ATG_PXR_TRANS_up
TOX21_ESRE_BLA_ratio
BSK_hDFCGF_SRB_down
BSK_3C_uPAR_down
CEETOX_H295R_ESTRONE_up
NVS_NR_mERa
TOX21_PPARd_BLA_Antagonist_ch1
ATG_PPRE_CIS_up
TOX21_ELG1_LUC_Agonist
BSK_LPS_TNFa_down
ATG_Sox_CIS_up
TOX21_p53_BLA_p1_viability
ATG_NURR1_TRANS_up
BSK_LPS_PGE2_up
NHEERL_ZF_144hpf_TERATOSCORE_up
BSK_CASM3C_LDLR_down
BSK_3C_ICAM1_down
TOX21_p53_BLA_p2_ch2
BSK_BE3C_MMP1_up
BSK_4H_VCAM1_down
BSK_CASM3C_HLADR_down
BSK_SAg_MCP1_down
BSK_3C_Eselectin_down
ATG_GATA_CIS_dn
BSK_CASM3C_LDLR_up
BSK_BE3C_HLADR_down
APR_HepG2_StressKinase_24h_up
ATG_NFI_CIS_up
BSK_SAg_CD38_down
TOX21_p53_BLA_p2_ch1
OT_AR_ARSRC1_0960
ATG_VDRE_CIS_up
BSK_3C_Proliferation_down
TOX21_ERa_BLA_Agonist_ch2
ATG_BRE_CIS_up
ATG_E_Box_CIS_up
TOX21_p53_BLA_p3_viability
APR_HepG2_MitoticArrest_24h_up
BSK_3C_SRB_down
NVS_NR_hPXR
APR_HepG2_OxidativeStress_24h_up
BSK_3C_MIG_down
BSK_KF3CT_IP10_down
TOX21_PPARg_BLA_Agonist_ch2
OT_ER_ERaERb_0480
CEETOX_H295R_OHPROG_dn
ATG_GRE_CIS_dn
NVS_NR_hER
ATG_FXR_TRANS_up
OT_ERa_EREGFP_0120
BSK_4H_VEGFRII_down
ATG_STAT3_CIS_dn
TOX21_NFkB_BLA_agonist_ratio
BSK_4H_uPAR_down
APR_HepG2_MicrotubuleCSK_72h_dn
ATG_HIF1a_CIS_dn
BSK_4H_SRB_down
TOX21_p53_BLA_p3_ratio
ATG_p53_CIS_dn
ATG_DR5_CIS_up
BSK_CASM3C_uPAR_down
TOX21_AR_BLA_Agonist_ch2
ATG_GR_TRANS_up
TOX21_ERa_BLA_Antagonist_viability
APR_HepG2_MitoMass_72h_up
BSK_4H_Pselectin_down
BSK_SAg_MIG_down
BSK_BE3C_IP10_down
ATG_MRE_CIS_up
TOX21_FXR_BLA_Antagonist_ch2
BSK_LPS_TissueFactor_down
BSK_hDFCGF_VCAM1_down
ATG_PPARg_TRANS_up
BSK_LPS_Eselectin_down
ATG_TA_CIS_up
TOX21_AR_BLA_Antagonist_ch2
TOX21_p53_BLA_p1_ch1
OT_ER_ERbERb_0480
TOX21_PPARg_BLA_Agonist_ratio
BSK_LPS_TNFa_up
TOX21_p53_BLA_p2_viability
BSK_KF3CT_ICAM1_down
APR_HepG2_StressKinase_72h_up
OT_ER_ERaERb_1440
APR_HepG2_MitoMass_24h_dn
TOX21_PPARd_BLA_agonist_ch2
TOX21_ARE_BLA_Agonist_ch1
CEETOX_H295R_11DCORT_dn
BSK_3C_Vis_down
CEETOX_H295R_TESTO_dn
TOX21_p53_BLA_p5_ch2
BSK_BE3C_IL1a_down
ATG_C_EBP_CIS_up
APR_HepG2_MicrotubuleCSK_24h_up
ATG_GLI_CIS_up
APR_HepG2_CellCycleArrest_24h_dn
TOX21_AutoFluor_HEK293_Media_blue
NVS_NR_hPPARa
ATG_EGR_CIS_up
ACEA_T47D_80hr_Positive
BSK_BE3C_SRB_down
TOX21_ERa_LUC_BG1_Antagonist
TOX21_AutoFluor_HEPG2_Media_blue
NCCT_QuantiLum_inhib_dn
ATG_IR1_CIS_dn
TOX21_p53_BLA_p5_viability
ATG_Oct_MLP_CIS_up
NCCT_HEK293T_CellTiterGLO
TOX21_HSE_BLA_agonist_ratio
OT_ER_ERaERa_0480
CEETOX_H295R_ESTRADIOL_up
ATG_PXRE_CIS_up
BSK_LPS_SRB_down
TOX21_ERa_BLA_Antagonist_ratio
BSK_CASM3C_IL8_down
ATG_RXRb_TRANS_dn
CEETOX_H295R_CORTISOL_dn
BSK_3C_HLADR_down
TOX21_HSE_BLA_agonist_ch2
TOX21_TR_LUC_GH3_Antagonist
OT_ERa_EREGFP_0480
TOX21_AR_BLA_Agonist_ratio
BSK_LPS_MCSF_down
BSK_hDFCGF_TIMP1_down
TOX21_VDR_BLA_Antagonist_ch1
BSK_KF3CT_TIMP2_down
BSK_BE3C_MIG_down
TOX21_ARE_BLA_Agonist_ch2
BSK_hDFCGF_IP10_down
OT_NURR1_NURR1RXRa_0480
BSK_CASM3C_TissueFactor_down
TOX21_PPARd_BLA_agonist_ratio
NCCT_QuantiLum_inhib_2_dn
Tanguay_ZF_120hpf_MORT_up
BSK_CASM3C_SRB_down
ATG_DR4_LXR_CIS_dn
CEETOX_H295R_DOC_dn
TOX21_Aromatase_Inhibition
TOX21_p53_BLA_p4_ratio
TOX21_p53_BLA_p5_ch1
TOX21_GR_BLA_Antagonist_viability
BSK_SAg_CD40_down
APR_HepG2_CellCycleArrest_24h_up
CEETOX_H295R_ANDR_dn
ATG_AP_2_CIS_dn
BSK_LPS_CD40_down
ATG_FoxO_CIS_dn
ATG_RARa_TRANS_dn
CEETOX_H295R_DOC_up
ATG_ERa_TRANS_up
ATG_HSE_CIS_up
ATG_PXRE_CIS_dn
NVS_NR_hGR
ATG_RORE_CIS_up
BSK_LPS_PGE2_down
TOX21_AR_LUC_MDAKB2_Antagonist2
BSK_3C_TissueFactor_down
ATG_RARb_TRANS_dn
TOX21_PPARd_BLA_antagonist_ratio
ATG_HIF1a_CIS_up
ATG_ERE_CIS_up
BSK_LPS_VCAM1_down
TOX21_p53_BLA_p4_ch1
TOX21_MMP_viability
APR_HepG2_MitoMass_72h_dn
BSK_BE3C_MMP1_down
TOX21_ERa_BLA_Antagonist_ch2
ATG_NRF1_CIS_dn
Tanguay_ZF_120hpf_BRAI_up
Tanguay_ZF_120hpf_YSE_up
BSK_CASM3C_IL6_down
BSK_BE3C_uPA_down
ATG_THRa1_TRANS_up
BSK_LPS_MCP1_down
TOX21_FXR_BLA_agonist_ratio
ATG_CAR_TRANS_dn
TOX21_AutoFluor_HEK293_Cell_blue
BSK_CASM3C_MCP1_down
TOX21_p53_BLA_p4_ch2
BSK_KF3CT_SRB_down
BSK_hDFCGF_MIG_down
TOX21_PPARd_BLA_Agonist_viability
BSK_CASM3C_Proliferation_down
ATG_BRE_CIS_dn
TOX21_MMP_ratio_up
TOX21_p53_BLA_p5_ratio
TOX21_GR_BLA_Antagonist_ch2
BSK_CASM3C_SAA_down
BSK_CASM3C_Thrombomodulin_up
ATG_PPARd_TRANS_up
ATG_DR5_CIS_dn
OT_NURR1_NURR1RXRa_1440
TOX21_VDR_BLA_antagonist_viability
TOX21_VDR_BLA_antagonist_ratio
BSK_KF3CT_TGFb1_down
BSK_BE3C_tPA_down
BSK_4H_MCP1_down
ATG_GAL4_TRANS_dn
BSK_CASM3C_VCAM1_down
ATG_Pax6_CIS_up
TOX21_FXR_BLA_agonist_ch2
CEETOX_H295R_PROG_up
CEETOX_H295R_OHPROG_up
ATG_PBREM_CIS_up
BSK_KF3CT_uPA_down
APR_HepG2_CellCycleArrest_72h_dn
BSK_hDFCGF_MCSF_down
TOX21_ESRE_BLA_ch1
ACEA_T47D_80hr_Negative
TOX21_GR_BLA_Agonist_ch1
TOX21_NFkB_BLA_agonist_viability
BSK_BE3C_TGFb1_down
TOX21_GR_BLA_Agonist_ratio
BSK_SAg_Eselectin_down
BSK_KF3CT_IL1a_down
ATG_CMV_CIS_up
TOX21_VDR_BLA_Agonist_viability
TOX21_ERa_BLA_Agonist_ratio
TOX21_AhR_LUC_Agonist
BSK_hDFCGF_MMP1_down
BSK_hDFCGF_PAI1_down
OT_AR_ARELUC_AG_1440
Tanguay_ZF_120hpf_EYE_up
TOX21_HSE_BLA_agonist_viability
ATG_IR1_CIS_up
BSK_BE3C_PAI1_down
BSK_3C_MCP1_down
ATG_NF_kB_CIS_dn
ATG_LXRa_TRANS_up
TOX21_p53_BLA_p1_ch2
BSK_KF3CT_MCP1_down
BSK_CASM3C_MCSF_down
BSK_KF3CT_MMP9_down
ATG_Ets_CIS_dn
TOX21_FXR_BLA_antagonist_viability
TOX21_ERa_LUC_BG1_Agonist
ATG_CMV_CIS_dn
TOX21_AR_LUC_MDAKB2_Antagonist
ATG_HNF6_CIS_dn
ATG_NRF2_ARE_CIS_up
TOX21_NFkB_BLA_agonist_ch1
BSK_3C_Thrombomodulin_up
TOX21_PPARg_BLA_antagonist_ratio
OT_AR_ARSRC1_0480
APR_HepG2_CellLoss_24h_dn
ATG_TGFb_CIS_up
ATG_Ahr_CIS_dn
TOX21_ARE_BLA_agonist_ratio
TOX21_AutoFluor_HEPG2_Cell_blue
ATG_RXRa_TRANS_up
TOX21_p53_BLA_p1_ratio
TOX21_p53_BLA_p2_ratio
BSK_3C_IL8_down
TOX21_VDR_BLA_agonist_ratio
ATG_Ahr_CIS_up
BSK_BE3C_uPAR_down
CEETOX_H295R_OHPREG_up
TOX21_HSE_BLA_agonist_ch1
APR_HepG2_MitoMembPot_24h_dn
TOX21_ESRE_BLA_ch2
OT_ER_ERbERb_1440
ATG_ISRE_CIS_dn
Tanguay_ZF_120hpf_JAW_up
TOX21_GR_BLA_Agonist_ch2
BBBP
p_np
sider
Immune system disorders
Pregnancy, puerperium and perinatal conditions
Endocrine disorders
Renal and urinary disorders
Injury, poisoning and procedural complications
Ear and labyrinth disorders
Metabolism and nutrition disorders
Investigations
Psychiatric disorders
Social circumstances
Respiratory, thoracic and mediastinal disorders
Infections and infestations
General disorders and administration site conditions
Reproductive system and breast disorders
Congenital, familial and genetic disorders
Neoplasms benign, malignant and unspecified (incl cysts and polyps)
Surgical and medical procedures
Hepatobiliary disorders
Vascular disorders
Nervous system disorders
Skin and subcutaneous tissue disorders
Musculoskeletal and connective tissue disorders
Blood and lymphatic system disorders
Cardiac disorders
Eye disorders
Gastrointestinal disorders
tox21
SR-HSE
NR-ER-LBD
NR-PPAR-gamma
SR-ATAD5
NR-AhR
SR-ARE
NR-ER
NR-AR-LBD
NR-Aromatase
NR-AR
SR-p53
SR-MMP
HIV
HIV_active
DILIst
DILIst Classification 
clintox
CT_TOX
